#
# A fatal error has been detected by the Java Runtime Environment:
#
#  EXCEPTION_ACCESS_VIOLATION (0xc0000005) at pc=0x0000000055bda0a5, pid=4348, tid=0x0000000000002198
#
# JRE version: Java(TM) SE Runtime Environment (8.0_101-b13) (build 1.8.0_101-b13)
# Java VM: Java HotSpot(TM) 64-Bit Server VM (25.101-b13 mixed mode windows-amd64 compressed oops)
# Problematic frame:
# V  [jvm.dll+0x12a0a5]
#
# Failed to write core dump. Minidumps are not enabled by default on client versions of Windows
#
# If you would like to submit a bug report, please visit:
#   http://bugreport.java.com/bugreport/crash.jsp
#

---------------  T H R E A D  ---------------

Current thread (0x0000000017723800):  JavaThread "JDWP Transport Listener: dt_socket" daemon [_thread_in_vm, id=8600, stack(0x0000000019020000,0x0000000019120000)]

siginfo: ExceptionCode=0xc0000005, reading address 0x000000003b676e69

Registers:
RAX=0x000000001911f501, RBX=0x0000000017723800, RCX=0x000000003b676e69, RDX=0x0000000000000000
RSP=0x000000001911f520, RBP=0x000000003b676e69, RSI=0x000000001911f638, RDI=0x00000000010eabe0
R8 =0x0000000017723800, R9 =0x0000000000008000, R10=0x0000000000000000, R11=0x000000001962f649
R12=0x0000000000000000, R13=0x0000000017718288, R14=0x0000000000000000, R15=0x0000000000000000
RIP=0x0000000055bda0a5, EFLAGS=0x0000000000010206

Top of Stack: (sp=0x000000001911f520)
0x000000001911f520:   0000000017723800 0000000017723800
0x000000001911f530:   000000001911f5e8 0000000055de2f0b
0x000000001911f540:   0000000017723800 0000000055dff76d
0x000000001911f550:   0000000000000000 00000000557e9155
0x000000001911f560:   000000001968d3d8 00000000557f291e
0x000000001911f570:   0000000017723800 0000000000000000
0x000000001911f580:   0000000000000000 0000000000000000
0x000000001911f590:   000000003b676e69 00000000557f1a15
0x000000001911f5a0:   000000001911f638 000000001911f610
0x000000001911f5b0:   0000000000000001 000000001968d3d8
0x000000001911f5c0:   000000003b676e69 00000000557d53b3
0x000000001911f5d0:   000000001911f700 0000000000000001
0x000000001911f5e0:   0000000000000001 000000001968d3d8
0x000000001911f5f0:   000000000000000a 0000000000000000
0x000000001911f600:   0000000000000000 0000000000000000
0x000000001911f610:   0000000000000001 00000000557d5571 

Instructions: (pc=0x0000000055bda0a5)
0x0000000055bda085:   cc cc cc cc cc cc cc cc cc cc cc 48 83 ec 28 48
0x0000000055bda095:   85 c9 75 07 33 c0 48 83 c4 28 c3 48 89 5c 24 20
0x0000000055bda0a5:   48 8b 19 48 85 db 74 20 48 83 fb 37 74 1a 48 8b
0x0000000055bda0b5:   13 48 8b cb ff 52 10 84 c0 74 0d 48 8b c3 48 8b 


Register to memory mapping:

RAX=0x000000001911f501 is pointing into the stack for thread: 0x0000000017723800
RBX=0x0000000017723800 is a thread
RCX=0x000000003b676e69 is an unknown value
RDX=0x0000000000000000 is an unknown value
RSP=0x000000001911f520 is pointing into the stack for thread: 0x0000000017723800
RBP=0x000000003b676e69 is an unknown value
RSI=0x000000001911f638 is pointing into the stack for thread: 0x0000000017723800
RDI=0x00000000010eabe0 is an unknown value
R8 =0x0000000017723800 is a thread
R9 =0x0000000000008000 is an unknown value
R10=0x0000000000000000 is an unknown value
R11=0x000000001962f649 is an unknown value
R12=0x0000000000000000 is an unknown value
R13=0x0000000017718288 is an unknown value
R14=0x0000000000000000 is an unknown value
R15=0x0000000000000000 is an unknown value


Stack: [0x0000000019020000,0x0000000019120000],  sp=0x000000001911f520,  free space=1021k
Native frames: (J=compiled Java code, j=interpreted, Vv=VM code, C=native code)
V  [jvm.dll+0x12a0a5]
V  [jvm.dll+0x34f76d]
C  [jdwp.dll+0x21a15]
C  [jdwp.dll+0x53b3]
C  [jdwp.dll+0x5571]
C  [jdwp.dll+0xf0a8]
C  [jdwp.dll+0x1f2d5]
C  [jdwp.dll+0x1f4aa]
V  [jvm.dll+0x1bd258]
V  [jvm.dll+0x2451a4]
V  [jvm.dll+0x29c18a]
C  [msvcr100.dll+0x21d9f]
C  [msvcr100.dll+0x21e3b]
C  [KERNEL32.DLL+0x13d2]
C  [ntdll.dll+0x154e4]


---------------  P R O C E S S  ---------------

Java Threads: ( => current thread )
  0x000000001966f800 JavaThread "Service Thread" daemon [_thread_blocked, id=6656, stack(0x0000000019a20000,0x0000000019b20000)]
  0x0000000017745000 JavaThread "C1 CompilerThread2" daemon [_thread_blocked, id=13996, stack(0x0000000019520000,0x0000000019620000)]
  0x0000000017743800 JavaThread "C2 CompilerThread1" daemon [_thread_blocked, id=9768, stack(0x0000000019420000,0x0000000019520000)]
  0x0000000017735800 JavaThread "C2 CompilerThread0" daemon [_thread_blocked, id=12980, stack(0x0000000019320000,0x0000000019420000)]
  0x000000001772a800 JavaThread "JDWP Command Reader" daemon [_thread_in_native, id=7228, stack(0x0000000019220000,0x0000000019320000)]
  0x0000000017728000 JavaThread "JDWP Event Helper Thread" daemon [_thread_blocked, id=12592, stack(0x0000000019120000,0x0000000019220000)]
=>0x0000000017723800 JavaThread "JDWP Transport Listener: dt_socket" daemon [_thread_in_vm, id=8600, stack(0x0000000019020000,0x0000000019120000)]
  0x000000001770d800 JavaThread "Attach Listener" daemon [_thread_blocked, id=11652, stack(0x0000000018c40000,0x0000000018d40000)]
  0x000000001770c800 JavaThread "Signal Dispatcher" daemon [_thread_blocked, id=8232, stack(0x0000000018b40000,0x0000000018c40000)]
  0x00000000176fa800 JavaThread "Finalizer" daemon [_thread_blocked, id=13748, stack(0x0000000018960000,0x0000000018a60000)]
  0x0000000002b91000 JavaThread "Reference Handler" daemon [_thread_blocked, id=7460, stack(0x0000000018860000,0x0000000018960000)]
  0x0000000002aa3000 JavaThread "main" [_thread_blocked, id=5936, stack(0x00000000029a0000,0x0000000002aa0000)]

Other Threads:
  0x00000000176d7800 VMThread [stack: 0x0000000018760000,0x0000000018860000] [id=14028]
  0x000000001968f800 WatcherThread [stack: 0x0000000019b20000,0x0000000019c20000] [id=4556]

VM state:not at safepoint (normal execution)

VM Mutex/Monitor currently owned by a thread: None

Heap:
 PSYoungGen      total 38400K, used 2675K [0x00000000d5c00000, 0x00000000d8680000, 0x0000000100000000)
  eden space 33280K, 8% used [0x00000000d5c00000,0x00000000d5e9cd00,0x00000000d7c80000)
  from space 5120K, 0% used [0x00000000d8180000,0x00000000d8180000,0x00000000d8680000)
  to   space 5120K, 0% used [0x00000000d7c80000,0x00000000d7c80000,0x00000000d8180000)
 ParOldGen       total 87552K, used 0K [0x0000000081400000, 0x0000000086980000, 0x00000000d5c00000)
  object space 87552K, 0% used [0x0000000081400000,0x0000000081400000,0x0000000086980000)
 Metaspace       used 3420K, capacity 4664K, committed 4864K, reserved 1056768K
  class space    used 391K, capacity 424K, committed 512K, reserved 1048576K

Card table byte_map: [0x0000000011f60000,0x0000000012360000] byte_map_base: 0x0000000011b56000

Marking Bits: (ParMarkBitMap*) 0x00000000562ca6d0
 Begin Bits: [0x0000000012a10000, 0x00000000149c0000)
 End Bits:   [0x00000000149c0000, 0x0000000016970000)

Polling page: 0x00000000010b0000

CodeCache: size=245760Kb used=1287Kb max_used=1287Kb free=244472Kb
 bounds [0x0000000002ba0000, 0x0000000002e10000, 0x0000000011ba0000]
 total_blobs=360 nmethods=127 adapters=154
 compilation: enabled

Compilation events (10 events):
Event: 0.288 Thread 0x0000000017745000  124       3       java.util.regex.Pattern::next (33 bytes)
Event: 0.288 Thread 0x0000000017745000 nmethod 124 0x0000000002ce1290 code [0x0000000002ce1400, 0x0000000002ce16e8]
Event: 0.288 Thread 0x0000000017745000  122       1       java.util.regex.Pattern::flags (5 bytes)
Event: 0.288 Thread 0x0000000017745000 nmethod 122 0x0000000002ce1810 code [0x0000000002ce1960, 0x0000000002ce1a70]
Event: 0.288 Thread 0x0000000017745000  123       3       java.util.regex.ASCII::isAscii (13 bytes)
Event: 0.288 Thread 0x0000000017745000 nmethod 123 0x0000000002ce1ad0 code [0x0000000002ce1c20, 0x0000000002ce1db0]
Event: 4.526 Thread 0x0000000017745000  126       1       java.nio.Buffer::position (5 bytes)
Event: 4.526 Thread 0x0000000017745000 nmethod 126 0x0000000002ce1e10 code [0x0000000002ce1f60, 0x0000000002ce2070]
Event: 6.918 Thread 0x0000000017745000  127       1       java.nio.Buffer::limit (5 bytes)
Event: 6.918 Thread 0x0000000017745000 nmethod 127 0x0000000002ce20d0 code [0x0000000002ce2220, 0x0000000002ce2330]

GC Heap History (0 events):
No events

Deoptimization events (1 events):
Event: 0.271 Thread 0x0000000002aa3000 Uncommon trap: reason=unstable_if action=reinterpret pc=0x0000000002ccc6f8 method=java.util.HashMap.getNode(ILjava/lang/Object;)Ljava/util/HashMap$Node; @ 49

Internal exceptions (6 events):
Event: 0.031 Thread 0x0000000002aa3000 Exception <a 'java/lang/NoSuchMethodError': Method sun.misc.Unsafe.defineClass(Ljava/lang/String;[BII)Ljava/lang/Class; name or signature does not match> (0x00000000d5c07cc0) thrown at [C:\re\workspace\8-2-build-windows-amd64-cygwin\jdk8u101\7261\hotspot\s&D¨ñŸ?
Event: 0.031 Thread 0x0000000002aa3000 Exception <a 'java/lang/NoSuchMethodError': Method sun.misc.Unsafe.prefetchRead(Ljava/lang/Object;J)V name or signature does not match> (0x00000000d5c07fa8) thrown at [C:\re\workspace\8-2-build-windows-amd64-cygwin\jdk8u101\7261\hotspot\src\share\vm\prims\Å”CˆÏÑ?
Event: 0.278 Thread 0x0000000002aa3000 Exception <a 'java/security/PrivilegedActionException'> (0x00000000d5e55908) thrown at [C:\re\workspace\8-2-build-windows-amd64-cygwin\jdk8u101\7261\hotspot\src\share\vm\prims\jvm.cpp, line 1386]
Event: 0.278 Thread 0x0000000002aa3000 Exception <a 'java/security/PrivilegedActionException'> (0x00000000d5e55d00) thrown at [C:\re\workspace\8-2-build-windows-amd64-cygwin\jdk8u101\7261\hotspot\src\share\vm\prims\jvm.cpp, line 1386]
Event: 0.279 Thread 0x0000000002aa3000 Exception <a 'java/security/PrivilegedActionException'> (0x00000000d5e59b30) thrown at [C:\re\workspace\8-2-build-windows-amd64-cygwin\jdk8u101\7261\hotspot\src\share\vm\prims\jvm.cpp, line 1386]
Event: 0.279 Thread 0x0000000002aa3000 Exception <a 'java/security/PrivilegedActionException'> (0x00000000d5e59f28) thrown at [C:\re\workspace\8-2-build-windows-amd64-cygwin\jdk8u101\7261\hotspot\src\share\vm\prims\jvm.cpp, line 1386]

Events (10 events):
Event: 329.813 Executing VM operation: GetCurrentLocation
Event: 329.813 Executing VM operation: GetCurrentLocation done
Event: 329.813 Executing VM operation: EnterInterpOnlyMode
Event: 329.813 Executing VM operation: EnterInterpOnlyMode done
Event: 329.813 Executing VM operation: ChangeSingleStep
Event: 329.813 Executing VM operation: ChangeSingleStep done
Event: 329.813 Executing VM operation: ChangeSingleStep
Event: 329.813 Executing VM operation: ChangeSingleStep done
Event: 329.826 Executing VM operation: RedefineClasses
Event: 329.828 Executing VM operation: RedefineClasses done


Dynamic libraries:
0x00007ff7b3ad0000 - 0x00007ff7b3b07000 	C:\Program Files\Java\jre1.8.0_101\bin\javaw.exe
0x00007ffcaba00000 - 0x00007ffcabbad000 	C:\WINDOWS\SYSTEM32\ntdll.dll
0x00007ffca9910000 - 0x00007ffca9a4e000 	C:\WINDOWS\system32\KERNEL32.DLL
0x00007ffca8f60000 - 0x00007ffca9075000 	C:\WINDOWS\system32\KERNELBASE.dll
0x00007ffca76f0000 - 0x00007ffca777e000 	C:\WINDOWS\system32\apphelp.dll
0x00007ffca01d0000 - 0x00007ffca0223000 	C:\WINDOWS\AppPatch\AppPatch64\AcGenral.DLL
0x00007ffca9360000 - 0x00007ffca940a000 	C:\WINDOWS\system32\msvcrt.dll
0x00007ffca8c40000 - 0x00007ffca8c6e000 	C:\WINDOWS\system32\SspiCli.dll
0x00007ffca9f80000 - 0x00007ffca9fd4000 	C:\WINDOWS\system32\SHLWAPI.dll
0x00007ffca9790000 - 0x00007ffca9907000 	C:\WINDOWS\system32\USER32.dll
0x00007ffcab850000 - 0x00007ffcab9e4000 	C:\WINDOWS\system32\ole32.dll
0x00007ffca9fe0000 - 0x00007ffcab508000 	C:\WINDOWS\system32\SHELL32.dll
0x00007ffca8170000 - 0x00007ffca8191000 	C:\WINDOWS\SYSTEM32\USERENV.dll
0x00007ffcab510000 - 0x00007ffcab5ba000 	C:\WINDOWS\system32\ADVAPI32.dll
0x00007ffc97ac0000 - 0x00007ffc97ade000 	C:\WINDOWS\SYSTEM32\MPR.dll
0x00007ffca9480000 - 0x00007ffca95c0000 	C:\WINDOWS\system32\RPCRT4.dll
0x00007ffca95c0000 - 0x00007ffca9619000 	C:\WINDOWS\SYSTEM32\sechost.dll
0x00007ffcab5c0000 - 0x00007ffcab7d1000 	C:\WINDOWS\SYSTEM32\combase.dll
0x00007ffca9e30000 - 0x00007ffca9f7f000 	C:\WINDOWS\system32\GDI32.dll
0x00007ffca8b20000 - 0x00007ffca8b35000 	C:\WINDOWS\SYSTEM32\profapi.dll
0x00007ffca7360000 - 0x00007ffca7412000 	C:\WINDOWS\SYSTEM32\SHCORE.dll
0x00007ffca9320000 - 0x00007ffca9356000 	C:\WINDOWS\system32\IMM32.DLL
0x00007ffca9620000 - 0x00007ffca9772000 	C:\WINDOWS\system32\MSCTF.dll
0x00007ffca67b0000 - 0x00007ffca6a2b000 	C:\WINDOWS\WinSxS\amd64_microsoft.windows.common-controls_6595b64144ccf1df_6.0.9600.18006_none_623f33d3ecbe86e8\COMCTL32.dll
0x0000000055810000 - 0x00000000558e2000 	C:\Program Files\Java\jre1.8.0_101\bin\msvcr100.dll
0x0000000055ab0000 - 0x000000005634a000 	C:\Program Files\Java\jre1.8.0_101\bin\server\jvm.dll
0x00007ffc9c260000 - 0x00007ffc9c269000 	C:\WINDOWS\SYSTEM32\WSOCK32.dll
0x00007ffca4790000 - 0x00007ffca47b2000 	C:\WINDOWS\SYSTEM32\WINMM.dll
0x00007ffca2990000 - 0x00007ffca299a000 	C:\WINDOWS\SYSTEM32\VERSION.dll
0x00007ffcab9f0000 - 0x00007ffcab9f7000 	C:\WINDOWS\system32\PSAPI.DLL
0x00007ffca9a70000 - 0x00007ffca9aca000 	C:\WINDOWS\system32\WS2_32.dll
0x00007ffca63c0000 - 0x00007ffca63ea000 	C:\WINDOWS\SYSTEM32\WINMMBASE.dll
0x00007ffca9780000 - 0x00007ffca9789000 	C:\WINDOWS\system32\NSI.dll
0x00007ffca8bf0000 - 0x00007ffca8c3f000 	C:\WINDOWS\SYSTEM32\cfgmgr32.dll
0x00007ffca7960000 - 0x00007ffca7988000 	C:\WINDOWS\SYSTEM32\DEVOBJ.dll
0x0000000055aa0000 - 0x0000000055aaf000 	C:\Program Files\Java\jre1.8.0_101\bin\verify.dll
0x0000000055a70000 - 0x0000000055a99000 	C:\Program Files\Java\jre1.8.0_101\bin\java.dll
0x00000000557d0000 - 0x0000000055805000 	C:\Program Files\Java\jre1.8.0_101\bin\jdwp.dll
0x00000000557c0000 - 0x00000000557c8000 	C:\Program Files\Java\jre1.8.0_101\bin\npt.dll
0x0000000055a50000 - 0x0000000055a66000 	C:\Program Files\Java\jre1.8.0_101\bin\zip.dll
0x00000000557b0000 - 0x00000000557b9000 	C:\Program Files\Java\jre1.8.0_101\bin\dt_socket.dll
0x00007ffc91e50000 - 0x00007ffc91e65000 	C:\WINDOWS\system32\napinsp.dll
0x00007ffc91d00000 - 0x00007ffc91d1a000 	C:\WINDOWS\system32\pnrpnsp.dll
0x00007ffca65d0000 - 0x00007ffca65eb000 	C:\WINDOWS\system32\NLAapi.dll
0x00007ffca8430000 - 0x00007ffca8489000 	C:\WINDOWS\System32\mswsock.dll
0x00007ffca8230000 - 0x00007ffca82d4000 	C:\WINDOWS\SYSTEM32\DNSAPI.dll
0x00007ffc91e70000 - 0x00007ffc91e7d000 	C:\WINDOWS\System32\winrnr.dll
0x00007ffc91e80000 - 0x00007ffc91e94000 	C:\WINDOWS\system32\wshbth.dll
0x00007ffca32c0000 - 0x00007ffca332b000 	C:\WINDOWS\System32\fwpuclnt.dll
0x00007ffc9ae40000 - 0x00007ffc9ae4a000 	C:\Windows\System32\rasadhlp.dll
0x00007ffc915f0000 - 0x00007ffc91779000 	C:\WINDOWS\SYSTEM32\dbghelp.dll

VM Arguments:
jvm_args: -agentlib:jdwp=transport=dt_socket,suspend=y,address=localhost:55905 -Dfile.encoding=Cp1252 
java_command: csula.cs4660.games.TronBattle
java_class_path (initial): C:\Users\FEBIELGIVA\Documents\MS\fall2016\New Ai\bin;C:\Users\FEBIELGIVA\.gradle\caches\modules-2\files-2.1\com.fasterxml.jackson.core\jackson-annotations\2.8.0\45b426f7796b741035581a176744d91090e2e6fb\jackson-annotations-2.8.0.jar;C:\Users\FEBIELGIVA\.gradle\caches\modules-2\files-2.1\com.fasterxml.jackson.core\jackson-core\2.8.3\5e1dc37c96308851c3ff609c250dc849c4b12022\jackson-core-2.8.3.jar;C:\Users\FEBIELGIVA\.gradle\caches\modules-2\files-2.1\com.fasterxml.jackson.core\jackson-databind\2.8.3\cea3788c72271d45676ce32c0665991674b24cc5\jackson-databind-2.8.3.jar;C:\Users\FEBIELGIVA\.gradle\caches\modules-2\files-2.1\com.google.guava\guava\19.0\6ce200f6b23222af3d8abb6b6459e6c44f4bb0e9\guava-19.0.jar;C:\Users\FEBIELGIVA\.gradle\caches\modules-2\files-2.1\com.mashape.unirest\unirest-java\1.4.9\778cffcba803dc7d43932266aef4c91f5b6b4dd0\unirest-java-1.4.9.jar;C:\Users\FEBIELGIVA\.gradle\caches\modules-2\files-2.1\commons-codec\commons-codec\1.9\9ce04e34240f674bc72680f8b843b1457383161a\commons-codec-1.9.jar;C:\Users\FEBIELGIVA\.gradle\caches\modules-2\files-2.1\commons-logging\commons-logging\1.2\4bfc12adfe4842bf07b657f0369c4cb522955686\commons-logging-1.2.jar;C:\Users\FEBIELGIVA\.gradle\caches\modules-2\files-2.1\junit\junit\4.11\4e031bb61df09069aeb2bffb4019e7a5034a4ee0\junit-4.11.jar;C:\Users\FEBIELGIVA\.gradle\caches\modules-2\files-2.1\org.apache.commons\commons-lang3\3.4\5fe28b9518e58819180a43a850fbc0dd24b7c050\commons-lang3-3.4.jar;C:\Users\FEBIELGIVA\.gradle\caches\modules-2\files-2.1\org.apache.httpcomponents\httpasyncclient\4.1.1\dd624f5a0ff43eb5cdf828d9739d3177ee00a5a9\httpasyncclient-4.1.1.jar;C:\Users\FEBIELGIVA\.gradle\caches\modules-2\files-2.1\org.apache.httpcomponents\httpclient\4.5.2\733db77aa8d9b2d68015189df76ab06304406e50\httpclient-4.5.2.jar;C:\Users\FEBIELGIVA\.gradle\caches\modules-2\files-2.1\org.apache.httpcomponents\httpcore-nio\4.4.4\16badfc2d99db264c486ba8c57ae577301a58bd9\httpcore-nio-4.4.4.jar;C:\Users\FEBIELGIVA\.
Launcher Type: SUN_STANDARD

Environment Variables:
PATH=C:/Program Files/Java/jre1.8.0_101/bin/server;C:/Program Files/Java/jre1.8.0_101/bin;C:/Program Files/Java/jre1.8.0_101/lib/amd64;C:\Program Files\Haskell\bin;C:\Program Files\Haskell Platform\8.0.1\lib\extralibs\bin;C:\Program Files\Haskell Platform\8.0.1\bin;C:\Program Files (x86)\Java\jre1.8.0_101\bin;C:\ProgramData\Oracle\Java\javapath;C:\Program Files (x86)\Intel\iCLS Client\;C:\Program Files\Intel\iCLS Client\;C:\WINDOWS\system32;C:\WINDOWS;C:\WINDOWS\System32\Wbem;C:\WINDOWS\System32\WindowsPowerShell\v1.0\;C:\Program Files\Intel\Intel(R) Management Engine Components\DAL;C:\Program Files (x86)\Intel\Intel(R) Management Engine Components\DAL;C:\Program Files\Intel\Intel(R) Management Engine Components\IPT;C:\Program Files (x86)\Intel\Intel(R) Management Engine Components\IPT;C:\Program Files\Intel\WiFi\bin\;C:\Program Files\Common Files\Intel\WirelessCommon\;c:\Program Files (x86)\ATI Technologies\ATI.ACE\Core-Static;C:\Anaconda3;C:\Anaconda3\Scripts;C:\Anaconda3\Library\bin;C:\Program Files\Haskell Platform\8.0.1\mingw\bin;C:\Program Files (x86)\GtkSharp\2.12\bin;C:\Gradle\gradle-3.0\bin;C:\Program Files\nodejs\;C:\Users\FEBIELGIVA\AppData\Roaming\npm;C:\Program Files\nodejs\;C:\Users\FEBIELGIVA\AppData\Roaming\cabal\bin;C:\Users\FEBIELGIVA\AppData\Roaming\local\bin;C:\Program Files (x86)\Java\jre1.8.0_101\bin;C:\Users\FEBIELGIVA\AppData\Roaming\npm;C:\WINDOWS\System32;
USERNAME=FEBIELGIVA
OS=Windows_NT
PROCESSOR_IDENTIFIER=Intel64 Family 6 Model 61 Stepping 4, GenuineIntel



---------------  S Y S T E M  ---------------

OS: Windows 8.1 , 64 bit Build 9600 (6.3.9600.17415)

CPU:total 4 (2 cores per cpu, 2 threads per core) family 6 model 61 stepping 4, cmov, cx8, fxsr, mmx, sse, sse2, sse3, ssse3, sse4.1, sse4.2, popcnt, avx, avx2, aes, clmul, erms, 3dnowpref, lzcnt, ht, tsc, tscinvbit, bmi1, bmi2, adx

Memory: 4k page, physical 8301008k(3114828k free), swap 14068176k(5800912k free)

vm_info: Java HotSpot(TM) 64-Bit Server VM (25.101-b13) for windows-amd64 JRE (1.8.0_101-b13), built on Jun 22 2016 01:21:29 by "java_re" with MS VC++ 10.0 (VS2010)

time: Fri Dec 09 14:09:42 2016
elapsed time: 330 seconds (0d 0h 5m 30s)

